<?xml version="1.0" encoding="UTF-8"?>
<testng-results ignored="0" total="2" passed="2" failed="0" skipped="0">
  <reporter-output>
  </reporter-output>
  <suite started-at="2023-03-23T08:27:35 EET" name="Default suite" finished-at="2023-03-23T08:28:05 EET" duration-ms="29836">
    <groups>
    </groups>
    <test started-at="2023-03-23T08:27:35 EET" name="Default test" finished-at="2023-03-23T08:28:05 EET" duration-ms="29836">
      <class name="XYZpac.MainTest">
        <test-method is-config="true" signature="beforeTest()[pri:0, instance:XYZpac.MainTest@73a1e9a9]" started-at="2023-03-23T08:27:35 EET" name="beforeTest" finished-at="2023-03-23T08:27:41 EET" duration-ms="5866" status="PASS">
          <reporter-output>
          </reporter-output>
        </test-method> <!-- beforeTest -->
        <test-method signature="CustomerLogin()[pri:0, instance:XYZpac.MainTest@73a1e9a9]" started-at="2023-03-23T08:27:41 EET" name="CustomerLogin" finished-at="2023-03-23T08:27:58 EET" duration-ms="16464" status="PASS">
          <reporter-output>
          </reporter-output>
        </test-method> <!-- CustomerLogin -->
        <test-method signature="ddCustomer()[pri:0, instance:XYZpac.MainTest@73a1e9a9]" started-at="2023-03-23T08:27:58 EET" name="ddCustomer" finished-at="2023-03-23T08:28:05 EET" duration-ms="7464" status="PASS">
          <reporter-output>
          </reporter-output>
        </test-method> <!-- ddCustomer -->
      </class> <!-- XYZpac.MainTest -->
    </test> <!-- Default test -->
  </suite> <!-- Default suite -->
</testng-results>
